# JRE version: Java(TM) SE Runtime Environment (8.0_131-b11) (build 1.8.0_131-b11)
# Java VM: Java HotSpot(TM) 64-Bit Server VM (25.131-b11 mixed mode linux-amd64 compressed oops)
Heap:
 PSYoungGen      total 37888K, used 19240K [0x00000000fd580000, 0x0000000100000000, 0x0000000100000000)
  eden space 33280K, 53% used [0x00000000fd580000,0x00000000fe6cce38,0x00000000ff600000)
  from space 4608K, 33% used [0x00000000ff600000,0x00000000ff77d588,0x00000000ffa80000)
  to   space 4608K, 0% used [0x00000000ffb80000,0x00000000ffb80000,0x0000000100000000)
 ParOldGen       total 51200K, used 31450K [0x00000000f8000000, 0x00000000fb200000, 0x00000000fd580000)
  object space 51200K, 61% used [0x00000000f8000000,0x00000000f9eb6b40,0x00000000fb200000)
 Metaspace       used 44653K, capacity 45272K, committed 45696K, reserved 1089536K
  class space    used 5571K, capacity 5760K, committed 5760K, reserved 1048576K
GC Heap History (10 events):
Event: 20.630 GC heap before
{Heap before GC invocations=53 (full 2):
 PSYoungGen      total 36864K, used 33216K [0x00000000fd580000, 0x00000000fff00000, 0x0000000100000000)
  eden space 32256K, 100% used [0x00000000fd580000,0x00000000ff500000,0x00000000ff500000)
  from space 4608K, 20% used [0x00000000ffa80000,0x00000000ffb70000,0x00000000fff00000)
  to   space 5120K, 0% used [0x00000000ff500000,0x00000000ff500000,0x00000000ffa00000)
 ParOldGen       total 51200K, used 29858K [0x00000000f8000000, 0x00000000fb200000, 0x00000000fd580000)
  object space 51200K, 58% used [0x00000000f8000000,0x00000000f9d28af0,0x00000000fb200000)
 Metaspace       used 42563K, capacity 43008K, committed 43392K, reserved 1087488K
  class space    used 5353K, capacity 5496K, committed 5504K, reserved 1048576K
Event: 20.637 GC heap after
Heap after GC invocations=53 (full 2):
 PSYoungGen      total 37376K, used 1024K [0x00000000fd580000, 0x0000000100000000, 0x0000000100000000)
  eden space 32256K, 0% used [0x00000000fd580000,0x00000000fd580000,0x00000000ff500000)
  from space 5120K, 20% used [0x00000000ff500000,0x00000000ff600000,0x00000000ffa00000)
  to   space 5120K, 0% used [0x00000000ffb00000,0x00000000ffb00000,0x0000000100000000)
 ParOldGen       total 51200K, used 30194K [0x00000000f8000000, 0x00000000fb200000, 0x00000000fd580000)
  object space 51200K, 58% used [0x00000000f8000000,0x00000000f9d7cb00,0x00000000fb200000)
 Metaspace       used 42563K, capacity 43008K, committed 43392K, reserved 1087488K
  class space    used 5353K, capacity 5496K, committed 5504K, reserved 1048576K
}
Event: 20.781 GC heap before
{Heap before GC invocations=54 (full 2):
 PSYoungGen      total 37376K, used 33280K [0x00000000fd580000, 0x0000000100000000, 0x0000000100000000)
  eden space 32256K, 100% used [0x00000000fd580000,0x00000000ff500000,0x00000000ff500000)
  from space 5120K, 20% used [0x00000000ff500000,0x00000000ff600000,0x00000000ffa00000)
  to   space 5120K, 0% used [0x00000000ffb00000,0x00000000ffb00000,0x0000000100000000)
 ParOldGen       total 51200K, used 30194K [0x00000000f8000000, 0x00000000fb200000, 0x00000000fd580000)
  object space 51200K, 58% used [0x00000000f8000000,0x00000000f9d7cb00,0x00000000fb200000)
 Metaspace       used 42655K, capacity 43232K, committed 43520K, reserved 1087488K
  class space    used 5360K, capacity 5528K, committed 5632K, reserved 1048576K
Event: 20.785 GC heap after
Heap after GC invocations=54 (full 2):
 PSYoungGen      total 38400K, used 1545K [0x00000000fd580000, 0x0000000100000000, 0x0000000100000000)
  eden space 33280K, 0% used [0x00000000fd580000,0x00000000fd580000,0x00000000ff600000)
  from space 5120K, 30% used [0x00000000ffb00000,0x00000000ffc82408,0x0000000100000000)
  to   space 5120K, 0% used [0x00000000ff600000,0x00000000ff600000,0x00000000ffb00000)
 ParOldGen       total 51200K, used 30546K [0x00000000f8000000, 0x00000000fb200000, 0x00000000fd580000)
  object space 51200K, 59% used [0x00000000f8000000,0x00000000f9dd4b40,0x00000000fb200000)
 Metaspace       used 42655K, capacity 43232K, committed 43520K, reserved 1087488K
  class space    used 5360K, capacity 5528K, committed 5632K, reserved 1048576K
}
Event: 20.874 GC heap before
{Heap before GC invocations=55 (full 2):
 PSYoungGen      total 38400K, used 34825K [0x00000000fd580000, 0x0000000100000000, 0x0000000100000000)
  eden space 33280K, 100% used [0x00000000fd580000,0x00000000ff600000,0x00000000ff600000)
  from space 5120K, 30% used [0x00000000ffb00000,0x00000000ffc82408,0x0000000100000000)
  to   space 5120K, 0% used [0x00000000ff600000,0x00000000ff600000,0x00000000ffb00000)
 ParOldGen       total 51200K, used 30546K [0x00000000f8000000, 0x00000000fb200000, 0x00000000fd580000)
  object space 51200K, 59% used [0x00000000f8000000,0x00000000f9dd4b40,0x00000000fb200000)
 Metaspace       used 42689K, capacity 43232K, committed 43520K, reserved 1087488K
  class space    used 5364K, capacity 5528K, committed 5632K, reserved 1048576K
Event: 20.881 GC heap after
Heap after GC invocations=55 (full 2):
 PSYoungGen      total 34304K, used 608K [0x00000000fd580000, 0x00000000fff00000, 0x0000000100000000)
  eden space 33280K, 0% used [0x00000000fd580000,0x00000000fd580000,0x00000000ff600000)
  from space 1024K, 59% used [0x00000000ff600000,0x00000000ff698000,0x00000000ff700000)
  to   space 4608K, 0% used [0x00000000ffa80000,0x00000000ffa80000,0x00000000fff00000)
 ParOldGen       total 51200K, used 30858K [0x00000000f8000000, 0x00000000fb200000, 0x00000000fd580000)
  object space 51200K, 60% used [0x00000000f8000000,0x00000000f9e22b40,0x00000000fb200000)
 Metaspace       used 42689K, capacity 43232K, committed 43520K, reserved 1087488K
  class space    used 5364K, capacity 5528K, committed 5632K, reserved 1048576K
}
Event: 20.957 GC heap before
{Heap before GC invocations=56 (full 2):
 PSYoungGen      total 34304K, used 33888K [0x00000000fd580000, 0x00000000fff00000, 0x0000000100000000)
  eden space 33280K, 100% used [0x00000000fd580000,0x00000000ff600000,0x00000000ff600000)
  from space 1024K, 59% used [0x00000000ff600000,0x00000000ff698000,0x00000000ff700000)
  to   space 4608K, 0% used [0x00000000ffa80000,0x00000000ffa80000,0x00000000fff00000)
 ParOldGen       total 51200K, used 30858K [0x00000000f8000000, 0x00000000fb200000, 0x00000000fd580000)
  object space 51200K, 60% used [0x00000000f8000000,0x00000000f9e22b40,0x00000000fb200000)
 Metaspace       used 42774K, capacity 43326K, committed 43776K, reserved 1087488K
  class space    used 5374K, capacity 5533K, committed 5632K, reserved 1048576K
Event: 20.961 GC heap after
Heap after GC invocations=56 (full 2):
 PSYoungGen      total 37888K, used 960K [0x00000000fd580000, 0x0000000100000000, 0x0000000100000000)
  eden space 33280K, 0% used [0x00000000fd580000,0x00000000fd580000,0x00000000ff600000)
  from space 4608K, 20% used [0x00000000ffa80000,0x00000000ffb70000,0x00000000fff00000)
  to   space 4608K, 0% used [0x00000000ff600000,0x00000000ff600000,0x00000000ffa80000)
 ParOldGen       total 51200K, used 31138K [0x00000000f8000000, 0x00000000fb200000, 0x00000000fd580000)
  object space 51200K, 60% used [0x00000000f8000000,0x00000000f9e68b40,0x00000000fb200000)
 Metaspace       used 42774K, capacity 43326K, committed 43776K, reserved 1087488K
  class space    used 5374K, capacity 5533K, committed 5632K, reserved 1048576K
}
Event: 21.096 GC heap before
{Heap before GC invocations=57 (full 2):
 PSYoungGen      total 37888K, used 34240K [0x00000000fd580000, 0x0000000100000000, 0x0000000100000000)
  eden space 33280K, 100% used [0x00000000fd580000,0x00000000ff600000,0x00000000ff600000)
  from space 4608K, 20% used [0x00000000ffa80000,0x00000000ffb70000,0x00000000fff00000)
  to   space 4608K, 0% used [0x00000000ff600000,0x00000000ff600000,0x00000000ffa80000)
 ParOldGen       total 51200K, used 31138K [0x00000000f8000000, 0x00000000fb200000, 0x00000000fd580000)
  object space 51200K, 60% used [0x00000000f8000000,0x00000000f9e68b40,0x00000000fb200000)
 Metaspace       used 43124K, capacity 43678K, committed 44032K, reserved 1087488K
  class space    used 5416K, capacity 5565K, committed 5632K, reserved 1048576K
Event: 21.101 GC heap after
Heap after GC invocations=57 (full 2):
 PSYoungGen      total 37888K, used 1525K [0x00000000fd580000, 0x0000000100000000, 0x0000000100000000)
  eden space 33280K, 0% used [0x00000000fd580000,0x00000000fd580000,0x00000000ff600000)
  from space 4608K, 33% used [0x00000000ff600000,0x00000000ff77d588,0x00000000ffa80000)
  to   space 4608K, 0% used [0x00000000ffb80000,0x00000000ffb80000,0x0000000100000000)
 ParOldGen       total 51200K, used 31450K [0x00000000f8000000, 0x00000000fb200000, 0x00000000fd580000)
  object space 51200K, 61% used [0x00000000f8000000,0x00000000f9eb6b40,0x00000000fb200000)
 Metaspace       used 43124K, capacity 43678K, committed 44032K, reserved 1087488K
  class space    used 5416K, capacity 5565K, committed 5632K, reserved 1048576K
}

