# JRE version: Java(TM) SE Runtime Environment (8.0_131-b11) (build 1.8.0_131-b11)
# Java VM: Java HotSpot(TM) 64-Bit Server VM (25.131-b11 mixed mode linux-amd64 compressed oops)
Heap:
 PSYoungGen      total 37888K, used 24200K [0x00000000fd580000, 0x0000000100000000, 0x0000000100000000)
  eden space 33280K, 68% used [0x00000000fd580000,0x00000000feba4ab0,0x00000000ff600000)
  from space 4608K, 33% used [0x00000000ff600000,0x00000000ff77d588,0x00000000ffa80000)
  to   space 4608K, 0% used [0x00000000ffb80000,0x00000000ffb80000,0x0000000100000000)
 ParOldGen       total 48640K, used 31261K [0x00000000f8000000, 0x00000000faf80000, 0x00000000fd580000)
  object space 48640K, 64% used [0x00000000f8000000,0x00000000f9e876b8,0x00000000faf80000)
 Metaspace       used 44844K, capacity 45416K, committed 45784K, reserved 1089536K
  class space    used 5604K, capacity 5792K, committed 5848K, reserved 1048576K
GC Heap History (10 events):
Event: 20.624 GC heap before
{Heap before GC invocations=53 (full 2):
 PSYoungGen      total 37888K, used 33216K [0x00000000fd580000, 0x0000000100000000, 0x0000000100000000)
  eden space 32256K, 100% used [0x00000000fd580000,0x00000000ff500000,0x00000000ff500000)
  from space 5632K, 17% used [0x00000000ffa80000,0x00000000ffb70000,0x0000000100000000)
  to   space 5632K, 0% used [0x00000000ff500000,0x00000000ff500000,0x00000000ffa80000)
 ParOldGen       total 48640K, used 29645K [0x00000000f8000000, 0x00000000faf80000, 0x00000000fd580000)
  object space 48640K, 60% used [0x00000000f8000000,0x00000000f9cf3668,0x00000000faf80000)
 Metaspace       used 42580K, capacity 43056K, committed 43480K, reserved 1087488K
  class space    used 5355K, capacity 5496K, committed 5592K, reserved 1048576K
Event: 20.627 GC heap after
Heap after GC invocations=53 (full 2):
 PSYoungGen      total 37888K, used 992K [0x00000000fd580000, 0x0000000100000000, 0x0000000100000000)
  eden space 32256K, 0% used [0x00000000fd580000,0x00000000fd580000,0x00000000ff500000)
  from space 5632K, 17% used [0x00000000ff500000,0x00000000ff5f8000,0x00000000ffa80000)
  to   space 5632K, 0% used [0x00000000ffa80000,0x00000000ffa80000,0x0000000100000000)
 ParOldGen       total 48640K, used 30013K [0x00000000f8000000, 0x00000000faf80000, 0x00000000fd580000)
  object space 48640K, 61% used [0x00000000f8000000,0x00000000f9d4f678,0x00000000faf80000)
 Metaspace       used 42580K, capacity 43056K, committed 43480K, reserved 1087488K
  class space    used 5355K, capacity 5496K, committed 5592K, reserved 1048576K
}
Event: 20.774 GC heap before
{Heap before GC invocations=54 (full 2):
 PSYoungGen      total 37888K, used 33248K [0x00000000fd580000, 0x0000000100000000, 0x0000000100000000)
  eden space 32256K, 100% used [0x00000000fd580000,0x00000000ff500000,0x00000000ff500000)
  from space 5632K, 17% used [0x00000000ff500000,0x00000000ff5f8000,0x00000000ffa80000)
  to   space 5632K, 0% used [0x00000000ffa80000,0x00000000ffa80000,0x0000000100000000)
 ParOldGen       total 48640K, used 30013K [0x00000000f8000000, 0x00000000faf80000, 0x00000000fd580000)
  object space 48640K, 61% used [0x00000000f8000000,0x00000000f9d4f678,0x00000000faf80000)
 Metaspace       used 42657K, capacity 43152K, committed 43480K, reserved 1087488K
  class space    used 5362K, capacity 5528K, committed 5592K, reserved 1048576K
Event: 20.777 GC heap after
Heap after GC invocations=54 (full 2):
 PSYoungGen      total 36864K, used 1529K [0x00000000fd580000, 0x00000000fff00000, 0x0000000100000000)
  eden space 32256K, 0% used [0x00000000fd580000,0x00000000fd580000,0x00000000ff500000)
  from space 4608K, 33% used [0x00000000ffa80000,0x00000000ffbfe710,0x00000000fff00000)
  to   space 5120K, 0% used [0x00000000ff500000,0x00000000ff500000,0x00000000ffa00000)
 ParOldGen       total 48640K, used 30373K [0x00000000f8000000, 0x00000000faf80000, 0x00000000fd580000)
  object space 48640K, 62% used [0x00000000f8000000,0x00000000f9da96b8,0x00000000faf80000)
 Metaspace       used 42657K, capacity 43152K, committed 43480K, reserved 1087488K
  class space    used 5362K, capacity 5528K, committed 5592K, reserved 1048576K
}
Event: 20.898 GC heap before
{Heap before GC invocations=55 (full 2):
 PSYoungGen      total 36864K, used 33785K [0x00000000fd580000, 0x00000000fff00000, 0x0000000100000000)
  eden space 32256K, 100% used [0x00000000fd580000,0x00000000ff500000,0x00000000ff500000)
  from space 4608K, 33% used [0x00000000ffa80000,0x00000000ffbfe710,0x00000000fff00000)
  to   space 5120K, 0% used [0x00000000ff500000,0x00000000ff500000,0x00000000ffa00000)
 ParOldGen       total 48640K, used 30373K [0x00000000f8000000, 0x00000000faf80000, 0x00000000fd580000)
  object space 48640K, 62% used [0x00000000f8000000,0x00000000f9da96b8,0x00000000faf80000)
 Metaspace       used 42691K, capacity 43216K, committed 43480K, reserved 1087488K
  class space    used 5365K, capacity 5528K, committed 5592K, reserved 1048576K
Event: 20.901 GC heap after
Heap after GC invocations=55 (full 2):
 PSYoungGen      total 37376K, used 704K [0x00000000fd580000, 0x0000000100000000, 0x0000000100000000)
  eden space 32256K, 0% used [0x00000000fd580000,0x00000000fd580000,0x00000000ff500000)
  from space 5120K, 13% used [0x00000000ff500000,0x00000000ff5b0000,0x00000000ffa00000)
  to   space 5120K, 0% used [0x00000000ffb00000,0x00000000ffb00000,0x0000000100000000)
 ParOldGen       total 48640K, used 30693K [0x00000000f8000000, 0x00000000faf80000, 0x00000000fd580000)
  object space 48640K, 63% used [0x00000000f8000000,0x00000000f9df96b8,0x00000000faf80000)
 Metaspace       used 42691K, capacity 43216K, committed 43480K, reserved 1087488K
  class space    used 5365K, capacity 5528K, committed 5592K, reserved 1048576K
}
Event: 20.986 GC heap before
{Heap before GC invocations=56 (full 2):
 PSYoungGen      total 37376K, used 32960K [0x00000000fd580000, 0x0000000100000000, 0x0000000100000000)
  eden space 32256K, 100% used [0x00000000fd580000,0x00000000ff500000,0x00000000ff500000)
  from space 5120K, 13% used [0x00000000ff500000,0x00000000ff5b0000,0x00000000ffa00000)
  to   space 5120K, 0% used [0x00000000ffb00000,0x00000000ffb00000,0x0000000100000000)
 ParOldGen       total 48640K, used 30693K [0x00000000f8000000, 0x00000000faf80000, 0x00000000fd580000)
  object space 48640K, 63% used [0x00000000f8000000,0x00000000f9df96b8,0x00000000faf80000)
 Metaspace       used 42765K, capacity 43246K, committed 43736K, reserved 1087488K
  class space    used 5374K, capacity 5533K, committed 5592K, reserved 1048576K
Event: 20.990 GC heap after
Heap after GC invocations=56 (full 2):
 PSYoungGen      total 37376K, used 928K [0x00000000fd580000, 0x00000000fff00000, 0x0000000100000000)
  eden space 33280K, 0% used [0x00000000fd580000,0x00000000fd580000,0x00000000ff600000)
  from space 4096K, 22% used [0x00000000ffb00000,0x00000000ffbe8000,0x00000000fff00000)
  to   space 4608K, 0% used [0x00000000ff600000,0x00000000ff600000,0x00000000ffa80000)
 ParOldGen       total 48640K, used 30965K [0x00000000f8000000, 0x00000000faf80000, 0x00000000fd580000)
  object space 48640K, 63% used [0x00000000f8000000,0x00000000f9e3d6b8,0x00000000faf80000)
 Metaspace       used 42765K, capacity 43246K, committed 43736K, reserved 1087488K
  class space    used 5374K, capacity 5533K, committed 5592K, reserved 1048576K
}
Event: 21.114 GC heap before
{Heap before GC invocations=57 (full 2):
 PSYoungGen      total 37376K, used 34208K [0x00000000fd580000, 0x00000000fff00000, 0x0000000100000000)
  eden space 33280K, 100% used [0x00000000fd580000,0x00000000ff600000,0x00000000ff600000)
  from space 4096K, 22% used [0x00000000ffb00000,0x00000000ffbe8000,0x00000000fff00000)
  to   space 4608K, 0% used [0x00000000ff600000,0x00000000ff600000,0x00000000ffa80000)
 ParOldGen       total 48640K, used 30965K [0x00000000f8000000, 0x00000000faf80000, 0x00000000fd580000)
  object space 48640K, 63% used [0x00000000f8000000,0x00000000f9e3d6b8,0x00000000faf80000)
 Metaspace       used 43125K, capacity 43662K, committed 43992K, reserved 1087488K
  class space    used 5417K, capacity 5565K, committed 5592K, reserved 1048576K
Event: 21.117 GC heap after
Heap after GC invocations=57 (full 2):
 PSYoungGen      total 37888K, used 1525K [0x00000000fd580000, 0x0000000100000000, 0x0000000100000000)
  eden space 33280K, 0% used [0x00000000fd580000,0x00000000fd580000,0x00000000ff600000)
  from space 4608K, 33% used [0x00000000ff600000,0x00000000ff77d588,0x00000000ffa80000)
  to   space 4608K, 0% used [0x00000000ffb80000,0x00000000ffb80000,0x0000000100000000)
 ParOldGen       total 48640K, used 31261K [0x00000000f8000000, 0x00000000faf80000, 0x00000000fd580000)
  object space 48640K, 64% used [0x00000000f8000000,0x00000000f9e876b8,0x00000000faf80000)
 Metaspace       used 43125K, capacity 43662K, committed 43992K, reserved 1087488K
  class space    used 5417K, capacity 5565K, committed 5592K, reserved 1048576K
}

